\BOOKMARK [1][-]{section.1}{xAPI Data Retrival}{}% 1
\BOOKMARK [1][-]{section.2}{xAPI Z Specifications}{}% 2
\BOOKMARK [2][-]{subsection.2.1}{Basic Types}{section.2}% 3
\BOOKMARK [2][-]{subsection.2.2}{Schema}{section.2}% 4
\BOOKMARK [3][-]{subsubsection.2.2.1}{Id Schema}{subsection.2.2}% 5
\BOOKMARK [3][-]{subsubsection.2.2.2}{Schemas for Agents and Groups}{subsection.2.2}% 6
\BOOKMARK [3][-]{subsubsection.2.2.3}{Verb Schema}{subsection.2.2}% 7
\BOOKMARK [3][-]{subsubsection.2.2.4}{Object Schema}{subsection.2.2}% 8
\BOOKMARK [3][-]{subsubsection.2.2.5}{Result Schema}{subsection.2.2}% 9
\BOOKMARK [3][-]{subsubsection.2.2.6}{Context Schema}{subsection.2.2}% 10
\BOOKMARK [3][-]{subsubsection.2.2.7}{Timestamp and Stored Schema}{subsection.2.2}% 11
\BOOKMARK [3][-]{subsubsection.2.2.8}{Attachements Schema}{subsection.2.2}% 12
\BOOKMARK [3][-]{subsubsection.2.2.9}{Statement and Statements Schema}{subsection.2.2}% 13
\BOOKMARK [1][-]{section.3}{Question 1 Name}{}% 14
\BOOKMARK [2][-]{subsection.3.1}{Statements}{section.3}% 15
\BOOKMARK [3][-]{subsubsection.3.1.1}{Ideal Statements}{subsection.3.1}% 16
\BOOKMARK [3][-]{subsubsection.3.1.2}{statement parameters to utilize}{subsection.3.1}% 17
\BOOKMARK [3][-]{subsubsection.3.1.3}{TLA Statement problems}{subsection.3.1}% 18
\BOOKMARK [2][-]{subsection.3.2}{Algorithm}{section.3}% 19
\BOOKMARK [3][-]{subsubsection.3.2.1}{Summary}{subsection.3.2}% 20
\BOOKMARK [2][-]{subsection.3.3}{Z Specification}{section.3}% 21
\BOOKMARK [3][-]{subsubsection.3.3.1}{Introduce Basic Types}{subsection.3.3}% 22
\BOOKMARK [3][-]{subsubsection.3.3.2}{Example Schema}{subsection.3.3}% 23
\BOOKMARK [3][-]{subsubsection.3.3.3}{Initialisation}{subsection.3.3}% 24
\BOOKMARK [3][-]{subsubsection.3.3.4}{Operations}{subsection.3.3}% 25
\BOOKMARK [2][-]{subsection.3.4}{Pseudocode}{section.3}% 26
\BOOKMARK [2][-]{subsection.3.5}{Result JSON Schema}{section.3}% 27
\BOOKMARK [2][-]{subsection.3.6}{Visualization Description}{section.3}% 28
\BOOKMARK [2][-]{subsection.3.7}{Visualization prototype}{section.3}% 29
\BOOKMARK [1][-]{section.4}{Question 2 Name}{}% 30
\BOOKMARK [2][-]{subsection.4.1}{Statements}{section.4}% 31
\BOOKMARK [3][-]{subsubsection.4.1.1}{Ideal Statements}{subsection.4.1}% 32
\BOOKMARK [3][-]{subsubsection.4.1.2}{statement parameters to utilize}{subsection.4.1}% 33
\BOOKMARK [3][-]{subsubsection.4.1.3}{TLA Statement problems}{subsection.4.1}% 34
\BOOKMARK [2][-]{subsection.4.2}{Algorithm}{section.4}% 35
\BOOKMARK [3][-]{subsubsection.4.2.1}{Summary}{subsection.4.2}% 36
\BOOKMARK [2][-]{subsection.4.3}{Z Specification}{section.4}% 37
\BOOKMARK [3][-]{subsubsection.4.3.1}{Introduce Basic Types}{subsection.4.3}% 38
\BOOKMARK [3][-]{subsubsection.4.3.2}{Example Schema}{subsection.4.3}% 39
\BOOKMARK [3][-]{subsubsection.4.3.3}{Initialisation}{subsection.4.3}% 40
\BOOKMARK [3][-]{subsubsection.4.3.4}{Operations}{subsection.4.3}% 41
\BOOKMARK [2][-]{subsection.4.4}{Pseudocode}{section.4}% 42
\BOOKMARK [2][-]{subsection.4.5}{Result JSON Schema}{section.4}% 43
\BOOKMARK [2][-]{subsection.4.6}{Visualization Description}{section.4}% 44
\BOOKMARK [2][-]{subsection.4.7}{Visualization prototype}{section.4}% 45
